<?xml version="1.0" encoding="UTF-8"?>
<!-- Generated by org.testng.reporters.JUnitXMLReporter -->
<testsuite ignored="0" hostname="Bhavani" failures="1" tests="2" name="Test" time="15.633" errors="0" timestamp="2024-09-10T18:13:11 EET">
  <testcase classname="testCases.TC001_RegistrationPageTest" name="registrationPageTest" time="2.714"/>
  <testcase classname="testCases.TC002_LoginPageTest" name="loginTest" time="3.441">
    <failure type="java.lang.AssertionError" message="expected [true] but found [false]">
      <![CDATA[java.lang.AssertionError: expected [true] but found [false]
at testCases.TC002_LoginPageTest.loginTest(TC002_LoginPageTest.java:38)
at java.base/java.util.ArrayList.forEach(ArrayList.java:1596)
... Removed 29 stack frames]]>
    </failure>
  </testcase> <!-- loginTest -->
</testsuite> <!-- Test -->
